  Lab 7.10_n5.cpp
C:\Users\Eduardo\source\repos\Steph's\Lab 7.10_n5\Lab 7.10_n5.cpp(9,14): error C2059: syntax error: ':'
C:\Users\Eduardo\source\repos\Steph's\Lab 7.10_n5\Lab 7.10_n5.cpp(10,14): error C2059: syntax error: ':'
C:\Users\Eduardo\source\repos\Steph's\Lab 7.10_n5\Lab 7.10_n5.cpp(11,14): error C2059: syntax error: ':'
C:\Users\Eduardo\source\repos\Steph's\Lab 7.10_n5\Lab 7.10_n5.cpp(24,5): error C2065: 'cout': undeclared identifier
C:\Users\Eduardo\source\repos\Steph's\Lab 7.10_n5\Lab 7.10_n5.cpp(24,13): error C3861: 'setw': identifier not found
C:\Users\Eduardo\source\repos\Steph's\Lab 7.10_n5\Lab 7.10_n5.cpp(24,49): error C2065: 'endl': undeclared identifier
C:\Users\Eduardo\source\repos\Steph's\Lab 7.10_n5\Lab 7.10_n5.cpp(26,5): error C2065: 'cout': undeclared identifier
C:\Users\Eduardo\source\repos\Steph's\Lab 7.10_n5\Lab 7.10_n5.cpp(26,13): error C3861: 'setw': identifier not found
C:\Users\Eduardo\source\repos\Steph's\Lab 7.10_n5\Lab 7.10_n5.cpp(26,48): error C2065: 'endl': undeclared identifier
C:\Users\Eduardo\source\repos\Steph's\Lab 7.10_n5\Lab 7.10_n5.cpp(28,5): error C2065: 'cout': undeclared identifier
C:\Users\Eduardo\source\repos\Steph's\Lab 7.10_n5\Lab 7.10_n5.cpp(28,36): error C2065: 'endl': undeclared identifier
C:\Users\Eduardo\source\repos\Steph's\Lab 7.10_n5\Lab 7.10_n5.cpp(29,5): error C2065: 'cout': undeclared identifier
C:\Users\Eduardo\source\repos\Steph's\Lab 7.10_n5\Lab 7.10_n5.cpp(29,40): error C2065: 'endl': undeclared identifier
C:\Users\Eduardo\source\repos\Steph's\Lab 7.10_n5\Lab 7.10_n5.cpp(31,5): error C2065: 'cout': undeclared identifier
C:\Users\Eduardo\source\repos\Steph's\Lab 7.10_n5\Lab 7.10_n5.cpp(32,5): error C2065: 'cin': undeclared identifier
C:\Users\Eduardo\source\repos\Steph's\Lab 7.10_n5\Lab 7.10_n5.cpp(38,9): error C2065: 'cout': undeclared identifier
C:\Users\Eduardo\source\repos\Steph's\Lab 7.10_n5\Lab 7.10_n5.cpp(38,88): error C2065: 'endl': undeclared identifier
C:\Users\Eduardo\source\repos\Steph's\Lab 7.10_n5\Lab 7.10_n5.cpp(40,9): error C2065: 'cout': undeclared identifier
C:\Users\Eduardo\source\repos\Steph's\Lab 7.10_n5\Lab 7.10_n5.cpp(41,9): error C2065: 'cin': undeclared identifier
C:\Users\Eduardo\source\repos\Steph's\Lab 7.10_n5\Lab 7.10_n5.cpp(43,9): error C2065: 'cout': undeclared identifier
C:\Users\Eduardo\source\repos\Steph's\Lab 7.10_n5\Lab 7.10_n5.cpp(43,17): error C2065: 'endl': undeclared identifier
C:\Users\Eduardo\source\repos\Steph's\Lab 7.10_n5\Lab 7.10_n5.cpp(48,13): error C2065: 'cout': undeclared identifier
C:\Users\Eduardo\source\repos\Steph's\Lab 7.10_n5\Lab 7.10_n5.cpp(49,13): error C2065: 'cin': undeclared identifier
C:\Users\Eduardo\source\repos\Steph's\Lab 7.10_n5\Lab 7.10_n5.cpp(51,13): error C2065: 'cout': undeclared identifier
C:\Users\Eduardo\source\repos\Steph's\Lab 7.10_n5\Lab 7.10_n5.cpp(52,13): error C2065: 'cin': undeclared identifier
C:\Users\Eduardo\source\repos\Steph's\Lab 7.10_n5\Lab 7.10_n5.cpp(56,13): error C2065: 'cout': undeclared identifier
C:\Users\Eduardo\source\repos\Steph's\Lab 7.10_n5\Lab 7.10_n5.cpp(56,57): error C2065: 'endl': undeclared identifier
C:\Users\Eduardo\source\repos\Steph's\Lab 7.10_n5\Lab 7.10_n5.cpp(61,13): error C2065: 'cout': undeclared identifier
C:\Users\Eduardo\source\repos\Steph's\Lab 7.10_n5\Lab 7.10_n5.cpp(62,13): error C2065: 'cin': undeclared identifier
C:\Users\Eduardo\source\repos\Steph's\Lab 7.10_n5\Lab 7.10_n5.cpp(66,13): error C2065: 'cout': undeclared identifier
C:\Users\Eduardo\source\repos\Steph's\Lab 7.10_n5\Lab 7.10_n5.cpp(71,13): error C2065: 'cout': undeclared identifier
C:\Users\Eduardo\source\repos\Steph's\Lab 7.10_n5\Lab 7.10_n5.cpp(72,13): error C2065: 'cin': undeclared identifier
C:\Users\Eduardo\source\repos\Steph's\Lab 7.10_n5\Lab 7.10_n5.cpp(74,13): error C2065: 'cout': undeclared identifier
C:\Users\Eduardo\source\repos\Steph's\Lab 7.10_n5\Lab 7.10_n5.cpp(75,13): error C2065: 'cin': undeclared identifier
C:\Users\Eduardo\source\repos\Steph's\Lab 7.10_n5\Lab 7.10_n5.cpp(79,13): error C2065: 'cout': undeclared identifier
C:\Users\Eduardo\source\repos\Steph's\Lab 7.10_n5\Lab 7.10_n5.cpp(79,57): error C2065: 'endl': undeclared identifier
C:\Users\Eduardo\source\repos\Steph's\Lab 7.10_n5\Lab 7.10_n5.cpp(84,13): error C2065: 'cout': undeclared identifier
C:\Users\Eduardo\source\repos\Steph's\Lab 7.10_n5\Lab 7.10_n5.cpp(84,51): error C2065: 'endl': undeclared identifier
C:\Users\Eduardo\source\repos\Steph's\Lab 7.10_n5\Lab 7.10_n5.cpp(91,9): error C2065: 'cout': undeclared identifier
C:\Users\Eduardo\source\repos\Steph's\Lab 7.10_n5\Lab 7.10_n5.cpp(91,66): error C2065: 'endl': undeclared identifier
C:\Users\Eduardo\source\repos\Steph's\Lab 7.10_n5\Lab 7.10_n5.cpp(92,9): error C2065: 'cout': undeclared identifier
C:\Users\Eduardo\source\repos\Steph's\Lab 7.10_n5\Lab 7.10_n5.cpp(93,9): error C2065: 'cin': undeclared identifier
C:\Users\Eduardo\source\repos\Steph's\Lab 7.10_n5\Lab 7.10_n5.cpp(95,9): error C2065: 'cout': undeclared identifier
C:\Users\Eduardo\source\repos\Steph's\Lab 7.10_n5\Lab 7.10_n5.cpp(95,17): error C2065: 'endl': undeclared identifier
C:\Users\Eduardo\source\repos\Steph's\Lab 7.10_n5\Lab 7.10_n5.cpp(100,13): error C2065: 'cout': undeclared identifier
C:\Users\Eduardo\source\repos\Steph's\Lab 7.10_n5\Lab 7.10_n5.cpp(101,13): error C2065: 'cin': undeclared identifier
C:\Users\Eduardo\source\repos\Steph's\Lab 7.10_n5\Lab 7.10_n5.cpp(103,13): error C2065: 'cout': undeclared identifier
C:\Users\Eduardo\source\repos\Steph's\Lab 7.10_n5\Lab 7.10_n5.cpp(104,13): error C2065: 'cin': undeclared identifier
C:\Users\Eduardo\source\repos\Steph's\Lab 7.10_n5\Lab 7.10_n5.cpp(108,13): error C2065: 'cout': undeclared identifier
C:\Users\Eduardo\source\repos\Steph's\Lab 7.10_n5\Lab 7.10_n5.cpp(113,13): error C2065: 'cout': undeclared identifier
C:\Users\Eduardo\source\repos\Steph's\Lab 7.10_n5\Lab 7.10_n5.cpp(114,13): error C2065: 'cin': undeclared identifier
C:\Users\Eduardo\source\repos\Steph's\Lab 7.10_n5\Lab 7.10_n5.cpp(118,13): error C2065: 'cout': undeclared identifier
C:\Users\Eduardo\source\repos\Steph's\Lab 7.10_n5\Lab 7.10_n5.cpp(123,13): error C2065: 'cout': undeclared identifier
C:\Users\Eduardo\source\repos\Steph's\Lab 7.10_n5\Lab 7.10_n5.cpp(123,51): error C2065: 'endl': undeclared identifier
C:\Users\Eduardo\source\repos\Steph's\Lab 7.10_n5\Lab 7.10_n5.cpp(130,9): error C2065: 'cout': undeclared identifier
C:\Users\Eduardo\source\repos\Steph's\Lab 7.10_n5\Lab 7.10_n5.cpp(130,47): error C2065: 'endl': undeclared identifier
